<?xml version="1.0" encoding="UTF-8"?>
<!-- Generated by org.testng.reporters.JUnitReportReporter -->
<testsuite hostname="vikram" name="com.valtech.test.ContactsList" tests="1" failures="0" timestamp="10 Oct 2016 23:13:40 GMT" time="3.838" errors="0">
  <testcase name="contactsList" time="3.838" classname="com.valtech.test.ContactsList"/>
</testsuite> <!-- com.valtech.test.ContactsList -->
