<?xml version="1.0" encoding="UTF-8"?>
<!-- Generated by org.testng.reporters.JUnitReportReporter -->
<testsuite hostname="vikram" name="com.valtech.test.TopNavigation" tests="1" failures="0" timestamp="10 Oct 2016 21:58:19 GMT" time="13.711" errors="0">
  <testcase name="testviewlatestnews" time="13.711" classname="com.valtech.test.TopNavigation"/>
</testsuite> <!-- com.valtech.test.TopNavigation -->
