<?xml version="1.0" encoding="UTF-8"?>
<!-- Generated by org.testng.reporters.JUnitReportReporter -->
<testsuite hostname="vikram" name="com.valtech.test.ContactsList" tests="1" failures="0" timestamp="11 Oct 2016 19:35:02 GMT" time="3.495" errors="0">
  <testcase name="contactsList" time="3.495" classname="com.valtech.test.ContactsList"/>
</testsuite> <!-- com.valtech.test.ContactsList -->
